Traceback (most recent call last):
  File "base_models.py", line 74, in <module>
    X, app_Y = get_data("../data/orange_aft_clean.csv", attr="appetency")
  File "/root/orange/src/utils.py", line 13, in get_data
    df = pd.read_csv(filename)
  File "/root/anaconda2/lib/python2.7/site-packages/pandas/io/parsers.py", line 562, in parser_f
    return _read(filepath_or_buffer, kwds)
  File "/root/anaconda2/lib/python2.7/site-packages/pandas/io/parsers.py", line 325, in _read
    return parser.read()
  File "/root/anaconda2/lib/python2.7/site-packages/pandas/io/parsers.py", line 823, in read
    df = DataFrame(col_dict, columns=columns, index=index)
  File "/root/anaconda2/lib/python2.7/site-packages/pandas/core/frame.py", line 224, in __init__
    mgr = self._init_dict(data, index, columns, dtype=dtype)
  File "/root/anaconda2/lib/python2.7/site-packages/pandas/core/frame.py", line 360, in _init_dict
    return _arrays_to_mgr(arrays, data_names, index, columns, dtype=dtype)
  File "/root/anaconda2/lib/python2.7/site-packages/pandas/core/frame.py", line 5241, in _arrays_to_mgr
    return create_block_manager_from_arrays(arrays, arr_names, axes)
  File "/root/anaconda2/lib/python2.7/site-packages/pandas/core/internals.py", line 3999, in create_block_manager_from_arrays
    blocks = form_blocks(arrays, names, axes)
  File "/root/anaconda2/lib/python2.7/site-packages/pandas/core/internals.py", line 4068, in form_blocks
    float_blocks = _multi_blockify(float_items)
  File "/root/anaconda2/lib/python2.7/site-packages/pandas/core/internals.py", line 4145, in _multi_blockify
    values, placement = _stack_arrays(list(tup_block), dtype)
  File "/root/anaconda2/lib/python2.7/site-packages/pandas/core/internals.py", line 4188, in _stack_arrays
    stacked = np.empty(shape, dtype=dtype)
MemoryError
Traceback (most recent call last):
  File "base_models.py", line 74, in <module>
    X, app_Y = get_data("../data/orange_aft_clean.csv", attr="appetency")
  File "/root/orange/src/utils.py", line 13, in get_data
    df = pd.read_csv(filename)
  File "/root/anaconda2/lib/python2.7/site-packages/pandas/io/parsers.py", line 562, in parser_f
    return _read(filepath_or_buffer, kwds)
  File "/root/anaconda2/lib/python2.7/site-packages/pandas/io/parsers.py", line 325, in _read
    return parser.read()
  File "/root/anaconda2/lib/python2.7/site-packages/pandas/io/parsers.py", line 823, in read
    df = DataFrame(col_dict, columns=columns, index=index)
  File "/root/anaconda2/lib/python2.7/site-packages/pandas/core/frame.py", line 224, in __init__
    mgr = self._init_dict(data, index, columns, dtype=dtype)
  File "/root/anaconda2/lib/python2.7/site-packages/pandas/core/frame.py", line 360, in _init_dict
    return _arrays_to_mgr(arrays, data_names, index, columns, dtype=dtype)
  File "/root/anaconda2/lib/python2.7/site-packages/pandas/core/frame.py", line 5241, in _arrays_to_mgr
    return create_block_manager_from_arrays(arrays, arr_names, axes)
  File "/root/anaconda2/lib/python2.7/site-packages/pandas/core/internals.py", line 3999, in create_block_manager_from_arrays
    blocks = form_blocks(arrays, names, axes)
  File "/root/anaconda2/lib/python2.7/site-packages/pandas/core/internals.py", line 4068, in form_blocks
    float_blocks = _multi_blockify(float_items)
  File "/root/anaconda2/lib/python2.7/site-packages/pandas/core/internals.py", line 4145, in _multi_blockify
    values, placement = _stack_arrays(list(tup_block), dtype)
  File "/root/anaconda2/lib/python2.7/site-packages/pandas/core/internals.py", line 4188, in _stack_arrays
    stacked = np.empty(shape, dtype=dtype)
MemoryError
